20:13:29 INFO  : Registering command handlers for SDK TCF services
20:13:30 INFO  : Launching XSCT server: xsct.bat -interactive C:\Users\animesh21131\mabonSOC\n4\temp_xsdb_launch_script.tcl
20:13:33 INFO  : XSCT server has started successfully.
20:13:34 INFO  : Successfully done setting XSCT server connection channel  
20:13:34 INFO  : Processing command line option -hwspec C:/Users/animesh21131/mabonSOC/n4/design_1_wrapper.hdf.
20:13:38 INFO  : Successfully done setting SDK workspace  
20:14:17 ERROR : Failed to closesw "C:/Users/animesh21131/mabonSOC/n4/mabonsoc_bsp/system.mss"
Reason: Cannot close sw design 'C:/Users/animesh21131/mabonSOC/n4/mabonsoc_bsp/system.mss'.
Design is not opened in the current session.


20:16:18 INFO  : Connected to target on host '192.168.226.142' and port '53151'.
20:16:21 INFO  : Jtag cable 'Digilent Zed 210248A39844' is selected.
20:16:21 INFO  : 'jtag frequency' command is executed.
20:16:21 INFO  : Sourcing of 'C:/Users/animesh21131/mabonSOC/n4/design_1_wrapper_hw_platform_0/ps7_init.tcl' is done.
20:16:21 INFO  : Context for 'APU' is selected.
20:16:21 INFO  : System reset is completed.
20:16:24 INFO  : 'after 3000' command is executed.
20:16:24 INFO  : 'targets -set -filter {jtag_cable_name =~ "Digilent Zed 210248A39844" && level==0} -index 1' command is executed.
20:16:26 INFO  : FPGA configured successfully with bitstream "C:/Users/animesh21131/mabonSOC/n4/design_1_wrapper_hw_platform_0/design_1_wrapper.bit"
20:16:26 INFO  : Context for 'APU' is selected.
20:16:26 INFO  : Hardware design information is loaded from 'C:/Users/animesh21131/mabonSOC/n4/design_1_wrapper_hw_platform_0/system.hdf'.
20:16:26 INFO  : 'configparams force-mem-access 1' command is executed.
20:16:26 INFO  : Context for 'APU' is selected.
20:16:27 INFO  : 'ps7_init' command is executed.
20:16:27 INFO  : 'ps7_post_config' command is executed.
20:16:27 INFO  : Context for processor 'ps7_cortexa9_0' is selected.
20:16:27 INFO  : The application 'C:/Users/animesh21131/mabonSOC/n4/mabonsoc/Debug/mabonsoc.elf' is downloaded to processor 'ps7_cortexa9_0'.
20:16:27 INFO  : 'configparams force-mem-access 0' command is executed.
20:16:27 INFO  : ----------------XSDB Script----------------
connect -url tcp:192.168.226.142:53151
source C:/Users/animesh21131/mabonSOC/n4/design_1_wrapper_hw_platform_0/ps7_init.tcl
targets -set -nocase -filter {name =~"APU*" && jtag_cable_name =~ "Digilent Zed 210248A39844"} -index 0
rst -system
after 3000
targets -set -filter {jtag_cable_name =~ "Digilent Zed 210248A39844" && level==0} -index 1
fpga -file C:/Users/animesh21131/mabonSOC/n4/design_1_wrapper_hw_platform_0/design_1_wrapper.bit
targets -set -nocase -filter {name =~"APU*" && jtag_cable_name =~ "Digilent Zed 210248A39844"} -index 0
loadhw -hw C:/Users/animesh21131/mabonSOC/n4/design_1_wrapper_hw_platform_0/system.hdf -mem-ranges [list {0x40000000 0xbfffffff}]
configparams force-mem-access 1
targets -set -nocase -filter {name =~"APU*" && jtag_cable_name =~ "Digilent Zed 210248A39844"} -index 0
ps7_init
ps7_post_config
targets -set -nocase -filter {name =~ "ARM*#0" && jtag_cable_name =~ "Digilent Zed 210248A39844"} -index 0
dow C:/Users/animesh21131/mabonSOC/n4/mabonsoc/Debug/mabonsoc.elf
configparams force-mem-access 0
----------------End of Script----------------

20:16:27 INFO  : Memory regions updated for context APU
20:16:27 INFO  : Launch script is exported to file 'C:\Users\animesh21131\mabonSOC\n4\.sdk\launch_scripts\xilinx_c-c++_application_(system_debugger)\system_debugger_using_debug_mabonsoc.elf_on_shriganeshji.tcl'
20:16:58 INFO  : Disconnected from the channel tcfchan#1.
20:18:56 INFO  : Inferring section assignments and sizes from elf file: C:\Users\animesh21131\mabonSOC\n4\mabonsoc\Debug\mabonsoc.elf
20:19:17 INFO  : Successfully generated C:\Users\animesh21131\mabonSOC\n4\mabonsoc\src\lscript.ld.
20:19:17 INFO  : Applying linker script to all configurations of project mabonsoc.
20:19:17 INFO  : Setting rebuild state to true for all configurations of project mabonsoc.
20:21:15 INFO  : Connected to target on host '192.168.226.142' and port '62465'.
20:21:19 INFO  : Jtag cable 'Digilent Zed 210248A39844' is selected.
20:21:19 INFO  : 'jtag frequency' command is executed.
20:21:19 INFO  : Sourcing of 'C:/Users/animesh21131/mabonSOC/n4/design_1_wrapper_hw_platform_0/ps7_init.tcl' is done.
20:21:21 INFO  : Context for 'APU' is selected.
20:21:22 INFO  : System reset is completed.
20:21:25 INFO  : 'after 3000' command is executed.
20:21:28 INFO  : 'targets -set -filter {jtag_cable_name =~ "Digilent Zed 210248A39844" && level==0} -index 1' command is executed.
20:21:30 INFO  : FPGA configured successfully with bitstream "C:/Users/animesh21131/mabonSOC/n4/design_1_wrapper_hw_platform_0/design_1_wrapper.bit"
20:21:30 INFO  : Context for 'APU' is selected.
20:21:30 INFO  : Hardware design information is loaded from 'C:/Users/animesh21131/mabonSOC/n4/design_1_wrapper_hw_platform_0/system.hdf'.
20:21:30 INFO  : 'configparams force-mem-access 1' command is executed.
20:21:30 INFO  : Context for 'APU' is selected.
20:21:31 INFO  : 'ps7_init' command is executed.
20:21:31 INFO  : 'ps7_post_config' command is executed.
20:21:31 INFO  : Context for processor 'ps7_cortexa9_0' is selected.
20:21:31 INFO  : The application 'C:/Users/animesh21131/mabonSOC/n4/mabonsoc/Debug/mabonsoc.elf' is downloaded to processor 'ps7_cortexa9_0'.
20:21:31 INFO  : 'configparams force-mem-access 0' command is executed.
20:21:31 INFO  : ----------------XSDB Script----------------
connect -url tcp:192.168.226.142:62465
source C:/Users/animesh21131/mabonSOC/n4/design_1_wrapper_hw_platform_0/ps7_init.tcl
targets -set -nocase -filter {name =~"APU*" && jtag_cable_name =~ "Digilent Zed 210248A39844"} -index 0
rst -system
after 3000
targets -set -filter {jtag_cable_name =~ "Digilent Zed 210248A39844" && level==0} -index 1
fpga -file C:/Users/animesh21131/mabonSOC/n4/design_1_wrapper_hw_platform_0/design_1_wrapper.bit
targets -set -nocase -filter {name =~"APU*" && jtag_cable_name =~ "Digilent Zed 210248A39844"} -index 0
loadhw -hw C:/Users/animesh21131/mabonSOC/n4/design_1_wrapper_hw_platform_0/system.hdf -mem-ranges [list {0x40000000 0xbfffffff}]
configparams force-mem-access 1
targets -set -nocase -filter {name =~"APU*" && jtag_cable_name =~ "Digilent Zed 210248A39844"} -index 0
ps7_init
ps7_post_config
targets -set -nocase -filter {name =~ "ARM*#0" && jtag_cable_name =~ "Digilent Zed 210248A39844"} -index 0
dow C:/Users/animesh21131/mabonSOC/n4/mabonsoc/Debug/mabonsoc.elf
configparams force-mem-access 0
----------------End of Script----------------

20:21:31 INFO  : Memory regions updated for context APU
20:21:31 INFO  : Launch script is exported to file 'C:\Users\animesh21131\mabonSOC\n4\.sdk\launch_scripts\xilinx_c-c++_application_(system_debugger)\system_debugger_using_debug_mabonsoc.elf_on_shriganeshji.tcl'
20:22:27 INFO  : Disconnected from the channel tcfchan#2.
20:22:28 INFO  : Connected to target on host '192.168.226.142' and port '62465'.
20:22:29 INFO  : Jtag cable 'Digilent Zed 210248A39844' is selected.
20:22:29 INFO  : 'jtag frequency' command is executed.
20:22:29 INFO  : Sourcing of 'C:/Users/animesh21131/mabonSOC/n4/design_1_wrapper_hw_platform_0/ps7_init.tcl' is done.
20:22:29 INFO  : Context for 'APU' is selected.
20:22:29 INFO  : System reset is completed.
20:22:32 INFO  : 'after 3000' command is executed.
20:22:32 INFO  : 'targets -set -filter {jtag_cable_name =~ "Digilent Zed 210248A39844" && level==0} -index 1' command is executed.
20:22:34 INFO  : FPGA configured successfully with bitstream "C:/Users/animesh21131/mabonSOC/n4/design_1_wrapper_hw_platform_0/design_1_wrapper.bit"
20:22:34 INFO  : Context for 'APU' is selected.
20:22:36 INFO  : Hardware design information is loaded from 'C:/Users/animesh21131/mabonSOC/n4/design_1_wrapper_hw_platform_0/system.hdf'.
20:22:36 INFO  : 'configparams force-mem-access 1' command is executed.
20:22:36 INFO  : Context for 'APU' is selected.
20:22:36 INFO  : 'ps7_init' command is executed.
20:22:36 INFO  : 'ps7_post_config' command is executed.
20:22:36 INFO  : Context for processor 'ps7_cortexa9_0' is selected.
20:22:36 INFO  : The application 'C:/Users/animesh21131/mabonSOC/n4/mabonsoc/Debug/mabonsoc.elf' is downloaded to processor 'ps7_cortexa9_0'.
20:22:36 INFO  : 'configparams force-mem-access 0' command is executed.
20:22:36 INFO  : ----------------XSDB Script----------------
connect -url tcp:192.168.226.142:62465
source C:/Users/animesh21131/mabonSOC/n4/design_1_wrapper_hw_platform_0/ps7_init.tcl
targets -set -nocase -filter {name =~"APU*" && jtag_cable_name =~ "Digilent Zed 210248A39844"} -index 0
rst -system
after 3000
targets -set -filter {jtag_cable_name =~ "Digilent Zed 210248A39844" && level==0} -index 1
fpga -file C:/Users/animesh21131/mabonSOC/n4/design_1_wrapper_hw_platform_0/design_1_wrapper.bit
targets -set -nocase -filter {name =~"APU*" && jtag_cable_name =~ "Digilent Zed 210248A39844"} -index 0
loadhw -hw C:/Users/animesh21131/mabonSOC/n4/design_1_wrapper_hw_platform_0/system.hdf -mem-ranges [list {0x40000000 0xbfffffff}]
configparams force-mem-access 1
targets -set -nocase -filter {name =~"APU*" && jtag_cable_name =~ "Digilent Zed 210248A39844"} -index 0
ps7_init
ps7_post_config
targets -set -nocase -filter {name =~ "ARM*#0" && jtag_cable_name =~ "Digilent Zed 210248A39844"} -index 0
dow C:/Users/animesh21131/mabonSOC/n4/mabonsoc/Debug/mabonsoc.elf
configparams force-mem-access 0
----------------End of Script----------------

20:22:37 INFO  : Memory regions updated for context APU
20:22:37 INFO  : Launch script is exported to file 'C:\Users\animesh21131\mabonSOC\n4\.sdk\launch_scripts\xilinx_c-c++_application_(system_debugger)\system_debugger_using_debug_mabonsoc.elf_on_shriganeshji.tcl'
20:22:54 INFO  : No changes in MSS file content so not generating sources.
20:23:22 INFO  : Disconnected from the channel tcfchan#3.
20:23:23 INFO  : Connected to target on host '192.168.226.142' and port '62465'.
20:23:23 INFO  : Jtag cable 'Digilent Zed 210248A39844' is selected.
20:23:23 INFO  : 'jtag frequency' command is executed.
20:23:23 INFO  : Sourcing of 'C:/Users/animesh21131/mabonSOC/n4/design_1_wrapper_hw_platform_0/ps7_init.tcl' is done.
20:23:23 INFO  : Context for 'APU' is selected.
20:23:23 INFO  : System reset is completed.
20:23:26 INFO  : 'after 3000' command is executed.
20:23:26 INFO  : 'targets -set -filter {jtag_cable_name =~ "Digilent Zed 210248A39844" && level==0} -index 1' command is executed.
20:23:28 INFO  : FPGA configured successfully with bitstream "C:/Users/animesh21131/mabonSOC/n4/design_1_wrapper_hw_platform_0/design_1_wrapper.bit"
20:23:28 INFO  : Context for 'APU' is selected.
20:23:30 INFO  : Hardware design information is loaded from 'C:/Users/animesh21131/mabonSOC/n4/design_1_wrapper_hw_platform_0/system.hdf'.
20:23:30 INFO  : 'configparams force-mem-access 1' command is executed.
20:23:30 INFO  : Context for 'APU' is selected.
20:23:30 INFO  : 'ps7_init' command is executed.
20:23:30 INFO  : 'ps7_post_config' command is executed.
20:23:31 INFO  : Context for processor 'ps7_cortexa9_0' is selected.
20:23:31 INFO  : The application 'C:/Users/animesh21131/mabonSOC/n4/mabonsoc/Debug/mabonsoc.elf' is downloaded to processor 'ps7_cortexa9_0'.
20:23:31 INFO  : 'configparams force-mem-access 0' command is executed.
20:23:31 INFO  : ----------------XSDB Script----------------
connect -url tcp:192.168.226.142:62465
source C:/Users/animesh21131/mabonSOC/n4/design_1_wrapper_hw_platform_0/ps7_init.tcl
targets -set -nocase -filter {name =~"APU*" && jtag_cable_name =~ "Digilent Zed 210248A39844"} -index 0
rst -system
after 3000
targets -set -filter {jtag_cable_name =~ "Digilent Zed 210248A39844" && level==0} -index 1
fpga -file C:/Users/animesh21131/mabonSOC/n4/design_1_wrapper_hw_platform_0/design_1_wrapper.bit
targets -set -nocase -filter {name =~"APU*" && jtag_cable_name =~ "Digilent Zed 210248A39844"} -index 0
loadhw -hw C:/Users/animesh21131/mabonSOC/n4/design_1_wrapper_hw_platform_0/system.hdf -mem-ranges [list {0x40000000 0xbfffffff}]
configparams force-mem-access 1
targets -set -nocase -filter {name =~"APU*" && jtag_cable_name =~ "Digilent Zed 210248A39844"} -index 0
ps7_init
ps7_post_config
targets -set -nocase -filter {name =~ "ARM*#0" && jtag_cable_name =~ "Digilent Zed 210248A39844"} -index 0
dow C:/Users/animesh21131/mabonSOC/n4/mabonsoc/Debug/mabonsoc.elf
configparams force-mem-access 0
----------------End of Script----------------

20:23:31 INFO  : Memory regions updated for context APU
20:23:31 INFO  : Launch script is exported to file 'C:\Users\animesh21131\mabonSOC\n4\.sdk\launch_scripts\xilinx_c-c++_application_(system_debugger)\system_debugger_using_debug_mabonsoc.elf_on_shriganeshji.tcl'
20:23:57 INFO  : Disconnected from the channel tcfchan#4.
