Copyright 1986-2019 Xilinx, Inc. All Rights Reserved.
------------------------------------------------------------------------------------
| Tool Version : Vivado v.2019.1 (win64) Build 2552052 Fri May 24 14:49:42 MDT 2019
| Date         : Thu Aug 17 14:02:43 2023
| Host         : SHANNON-PC1 running 64-bit major release  (build 9200)
| Command      : upgrade_ip
| Device       : xc7z020clg484-1
------------------------------------------------------------------------------------

Upgrade Log for IP 'design_1_mabonsoc_0_5'

1. Summary
----------

SUCCESS in the conversion of design_1_mabonsoc_0_5 (xilinx.com:hls:mabonsoc:1.1 (Rev. 1)) to Vivado generation flows.






Copyright 1986-2019 Xilinx, Inc. All Rights Reserved.
------------------------------------------------------------------------------------
| Tool Version : Vivado v.2019.1 (win64) Build 2552052 Fri May 24 14:49:42 MDT 2019
| Date         : Thu Aug 17 13:40:17 2023
| Host         : SHANNON-PC1 running 64-bit major release  (build 9200)
| Command      : upgrade_ip
| Device       : xc7z020clg484-1
------------------------------------------------------------------------------------

Upgrade Log for IP 'design_1_mabonsoc_0_5'

1. Summary
----------

SUCCESS in the conversion of design_1_mabonsoc_0_5 (xilinx.com:hls:mabonsoc:1.1 (Rev. 1)) to Vivado generation flows.






Copyright 1986-2019 Xilinx, Inc. All Rights Reserved.
------------------------------------------------------------------------------------
| Tool Version : Vivado v.2019.1 (win64) Build 2552052 Fri May 24 14:49:42 MDT 2019
| Date         : Thu Aug 17 13:18:09 2023
| Host         : SHANNON-PC1 running 64-bit major release  (build 9200)
| Command      : upgrade_ip
| Device       : xc7z020clg484-1
------------------------------------------------------------------------------------

Upgrade Log for IP 'design_1_mabonsoc_0_5'

1. Summary
----------

SUCCESS in the conversion of design_1_mabonsoc_0_5 (xilinx.com:hls:mabonsoc:1.1 (Rev. 1)) to Vivado generation flows.






Copyright 1986-2019 Xilinx, Inc. All Rights Reserved.
------------------------------------------------------------------------------------
| Tool Version : Vivado v.2019.1 (win64) Build 2552052 Fri May 24 14:49:42 MDT 2019
| Date         : Thu Aug 17 13:00:22 2023
| Host         : SHANNON-PC1 running 64-bit major release  (build 9200)
| Command      : upgrade_ip
| Device       : xc7z020clg484-1
------------------------------------------------------------------------------------

Upgrade Log for IP 'design_1_mabonsoc_0_5'

1. Summary
----------

SUCCESS in the conversion of design_1_mabonsoc_0_5 (xilinx.com:hls:mabonsoc:1.1 (Rev. 1)) to Vivado generation flows.






Copyright 1986-2019 Xilinx, Inc. All Rights Reserved.
------------------------------------------------------------------------------------
| Tool Version : Vivado v.2019.1 (win64) Build 2552052 Fri May 24 14:49:42 MDT 2019
| Date         : Thu Aug 17 12:15:20 2023
| Host         : SHANNON-PC1 running 64-bit major release  (build 9200)
| Command      : upgrade_ip
| Device       : xc7z020clg484-1
------------------------------------------------------------------------------------

Upgrade Log for IP 'design_1_mabonsoc_0_5'

1. Summary
----------

SUCCESS in the conversion of design_1_mabonsoc_0_5 (xilinx.com:hls:mabonsoc:1.1 (Rev. 1)) to Vivado generation flows.






Copyright 1986-2019 Xilinx, Inc. All Rights Reserved.
------------------------------------------------------------------------------------
| Tool Version : Vivado v.2019.1 (win64) Build 2552052 Fri May 24 14:49:42 MDT 2019
| Date         : Thu Aug 17 11:56:48 2023
| Host         : SHANNON-PC1 running 64-bit major release  (build 9200)
| Command      : upgrade_ip
| Device       : xc7z020clg484-1
------------------------------------------------------------------------------------

Upgrade Log for IP 'design_1_mabonsoc_0_5'

1. Summary
----------

SUCCESS in the conversion of design_1_mabonsoc_0_5 (xilinx.com:hls:mabonsoc:1.1 (Rev. 1)) to Vivado generation flows.






Copyright 1986-2019 Xilinx, Inc. All Rights Reserved.
------------------------------------------------------------------------------------
| Tool Version : Vivado v.2019.1 (win64) Build 2552052 Fri May 24 14:49:42 MDT 2019
| Date         : Thu Aug 17 11:39:47 2023
| Host         : SHANNON-PC1 running 64-bit major release  (build 9200)
| Command      : upgrade_ip
| Device       : xc7z020clg484-1
------------------------------------------------------------------------------------

Upgrade Log for IP 'design_1_mabonsoc_0_5'

1. Summary
----------

SUCCESS in the conversion of design_1_mabonsoc_0_5 (xilinx.com:hls:mabonsoc:1.1 (Rev. 1)) to Vivado generation flows.






Copyright 1986-2019 Xilinx, Inc. All Rights Reserved.
------------------------------------------------------------------------------------
| Tool Version : Vivado v.2019.1 (win64) Build 2552052 Fri May 24 14:49:42 MDT 2019
| Date         : Wed Aug 16 16:01:29 2023
| Host         : SHANNON-PC1 running 64-bit major release  (build 9200)
| Command      : upgrade_ip
| Device       : xc7z020clg484-1
------------------------------------------------------------------------------------

Upgrade Log for IP 'design_1_mabonsoc_0_5'

1. Summary
----------

SUCCESS in the conversion of design_1_mabonsoc_0_5 (xilinx.com:hls:mabonsoc:1.1 (Rev. 1)) to Vivado generation flows.






Copyright 1986-2019 Xilinx, Inc. All Rights Reserved.
------------------------------------------------------------------------------------
| Tool Version : Vivado v.2019.1 (win64) Build 2552052 Fri May 24 14:49:42 MDT 2019
| Date         : Wed Aug 16 12:46:27 2023
| Host         : SHANNON-PC1 running 64-bit major release  (build 9200)
| Command      : upgrade_ip
| Device       : xc7z020clg484-1
------------------------------------------------------------------------------------

Upgrade Log for IP 'design_1_mabonsoc_0_5'

1. Summary
----------

SUCCESS in the conversion of design_1_mabonsoc_0_5 (xilinx.com:hls:mabonsoc:1.1 (Rev. 1)) to Vivado generation flows.






Copyright 1986-2019 Xilinx, Inc. All Rights Reserved.
------------------------------------------------------------------------------------
| Tool Version : Vivado v.2019.1 (win64) Build 2552052 Fri May 24 14:49:42 MDT 2019
| Date         : Wed Aug 16 12:43:49 2023
| Host         : SHANNON-PC1 running 64-bit major release  (build 9200)
| Command      : upgrade_ip
| Device       : xc7z020clg484-1
------------------------------------------------------------------------------------

Upgrade Log for IP 'design_1_mabonsoc_0_5'

1. Summary
----------

SUCCESS in the conversion of design_1_mabonsoc_0_5 (xilinx.com:hls:mabonsoc:1.1 (Rev. 1)) to Vivado generation flows.






Copyright 1986-2019 Xilinx, Inc. All Rights Reserved.
------------------------------------------------------------------------------------
| Tool Version : Vivado v.2019.1 (win64) Build 2552052 Fri May 24 14:49:42 MDT 2019
| Date         : Wed Aug 16 12:24:05 2023
| Host         : SHANNON-PC1 running 64-bit major release  (build 9200)
| Command      : upgrade_ip
| Device       : xc7z020clg484-1
------------------------------------------------------------------------------------

Upgrade Log for IP 'design_1_mabonsoc_0_5'

1. Summary
----------

SUCCESS in the conversion of design_1_mabonsoc_0_5 (xilinx.com:hls:mabonsoc:1.1 (Rev. 1)) to Vivado generation flows.






Copyright 1986-2019 Xilinx, Inc. All Rights Reserved.
------------------------------------------------------------------------------------
| Tool Version : Vivado v.2019.1 (win64) Build 2552052 Fri May 24 14:49:42 MDT 2019
| Date         : Wed Aug 16 12:05:41 2023
| Host         : SHANNON-PC1 running 64-bit major release  (build 9200)
| Command      : upgrade_ip
| Device       : xc7z020clg484-1
------------------------------------------------------------------------------------

Upgrade Log for IP 'design_1_mabonsoc_0_5'

1. Summary
----------

SUCCESS in the conversion of design_1_mabonsoc_0_5 (xilinx.com:hls:mabonsoc:1.1 (Rev. 1)) to Vivado generation flows.






Copyright 1986-2019 Xilinx, Inc. All Rights Reserved.
------------------------------------------------------------------------------------
| Tool Version : Vivado v.2019.1 (win64) Build 2552052 Fri May 24 14:49:42 MDT 2019
| Date         : Wed Aug  9 17:31:39 2023
| Host         : SHANNON-PC1 running 64-bit major release  (build 9200)
| Command      : upgrade_ip
| Device       : xc7z020clg484-1
------------------------------------------------------------------------------------

Upgrade Log for IP 'design_1_mabonsoc_0_5'

1. Summary
----------

SUCCESS in the conversion of design_1_mabonsoc_0_5 (xilinx.com:hls:mabonsoc:1.1 (Rev. 1)) to Vivado generation flows.

